This file contains any messages produced by compilers while
running configure, to aid debugging if configure makes a mistake.

It was created by libpng configure 1.4.1, which was
generated by GNU Autoconf 2.65.  Invocation command line was

  $ ./configure 

## --------- ##
## Platform. ##
## --------- ##

hostname = WIN-6EJ45VB8IV9
uname -m = x86_64
uname -r = 1.7.25(0.270/5/3)
uname -s = CYGWIN_NT-6.1
uname -v = 2013-08-31 20:37

/usr/bin/uname -p = unknown
/bin/uname -X     = unknown

/bin/arch              = x86_64
/usr/bin/arch -k       = unknown
/usr/convex/getsysinfo = unknown
/usr/bin/hostinfo      = unknown
/bin/machine           = unknown
/usr/bin/oslevel       = unknown
/bin/universe          = unknown

PATH: /usr/local/bin
PATH: /usr/bin
PATH: /cygdrive/c/Windows/system32
PATH: /cygdrive/c/Windows
PATH: /cygdrive/c/Windows/System32/Wbem
PATH: /cygdrive/c/Windows/System32/WindowsPowerShell/v1.0
PATH: /cygdrive/c/MinGW/bin


## ----------- ##
## Core tests. ##
## ----------- ##

configure:2421: checking for a BSD-compatible install
configure:2489: result: /usr/bin/install -c
configure:2500: checking whether build environment is sane
configure:2550: result: yes
configure:2691: checking for a thread-safe mkdir -p
configure:2730: result: /usr/bin/mkdir -p
configure:2743: checking for gawk
configure:2759: found /usr/bin/gawk
configure:2770: result: gawk
configure:2781: checking whether make sets $(MAKE)
configure:2803: result: yes
configure:2884: checking whether to enable maintainer-specific portions of Makefiles
configure:2893: result: no
configure:2966: checking for gcc
configure:2982: found /usr/bin/gcc
configure:2993: result: gcc
configure:3222: checking for C compiler version
configure:3231: gcc --version >&5
gcc (GCC) 4.8.1
Copyright (C) 2013 Free Software Foundation, Inc.
This is free software; see the source for copying conditions.  There is NO
warranty; not even for MERCHANTABILITY or FITNESS FOR A PARTICULAR PURPOSE.

configure:3242: $? = 0
configure:3231: gcc -v >&5
Using built-in specs.
COLLECT_GCC=gcc
COLLECT_LTO_WRAPPER=/usr/lib/gcc/x86_64-pc-cygwin/4.8.1/lto-wrapper.exe
Target: x86_64-pc-cygwin
Configured with: /cygdrive/i/szsz/tmpp/cygwin64/gcc/gcc-4.8.1-3/src/gcc-4.8.1/configure --srcdir=/cygdrive/i/szsz/tmpp/cygwin64/gcc/gcc-4.8.1-3/src/gcc-4.8.1 --prefix=/usr --exec-prefix=/usr --bindir=/usr/bin --sbindir=/usr/sbin --libexecdir=/usr/lib --datadir=/usr/share --localstatedir=/var --sysconfdir=/etc --datarootdir=/usr/share --docdir=/usr/share/doc/gcc -C --build=x86_64-pc-cygwin --host=x86_64-pc-cygwin --target=x86_64-pc-cygwin --without-libiconv-prefix --without-libintl-prefix --enable-shared --enable-shared-libgcc --enable-static --enable-version-specific-runtime-libs --enable-bootstrap --disable-__cxa_atexit --with-dwarf2 --with-tune=generic --enable-languages=c,c++,fortran,lto,objc,obj-c++ --enable-graphite --enable-threads=posix --enable-libatomic --enable-libgomp --disable-libitm --enable-libquadmath --enable-libquadmath-support --enable-libssp --enable-libgcj-sublibs --disable-java-awt --disable-symvers --with-ecj-jar=/usr/share/java/ecj.jar --with-gnu-ld --with-gnu-as --with-cloog-include=/usr/include/cloog-isl --without-libiconv-prefix --without-libintl-prefix --with-system-zlib
Thread model: posix
gcc version 4.8.1 (GCC) 
configure:3242: $? = 0
configure:3231: gcc -V >&5
gcc: error: unrecognized command line option '-V'
gcc: fatal error: no input files
compilation terminated.
configure:3242: $? = 1
configure:3231: gcc -qversion >&5
gcc: error: unrecognized command line option '-qversion'
gcc: fatal error: no input files
compilation terminated.
configure:3242: $? = 1
configure:3262: checking whether the C compiler works
configure:3284: gcc    conftest.c  >&5
configure:3288: $? = 0
configure:3337: result: yes
configure:3340: checking for C compiler default output file name
configure:3342: result: a.exe
configure:3348: checking for suffix of executables
configure:3355: gcc -o conftest.exe    conftest.c  >&5
configure:3359: $? = 0
configure:3381: result: .exe
configure:3403: checking whether we are cross compiling
configure:3411: gcc -o conftest.exe    conftest.c  >&5
configure:3415: $? = 0
configure:3422: ./conftest.exe
configure:3426: $? = 0
configure:3441: result: no
configure:3446: checking for suffix of object files
configure:3468: gcc -c   conftest.c >&5
configure:3472: $? = 0
configure:3493: result: o
configure:3497: checking whether we are using the GNU C compiler
configure:3516: gcc -c   conftest.c >&5
configure:3516: $? = 0
configure:3525: result: yes
configure:3534: checking whether gcc accepts -g
configure:3554: gcc -c -g  conftest.c >&5
configure:3554: $? = 0
configure:3595: result: yes
configure:3612: checking for gcc option to accept ISO C89
configure:3676: gcc  -c -g -O2  conftest.c >&5
configure:3676: $? = 0
configure:3689: result: none needed
configure:3720: checking for style of include used by make
configure:3748: result: GNU
configure:3773: checking dependency style of gcc
configure:3883: result: gcc3
configure:3902: checking build system type
configure:3916: result: x86_64-unknown-cygwin
configure:3936: checking host system type
configure:3949: result: x86_64-unknown-cygwin
configure:3969: checking for a sed that does not truncate output
configure:4033: result: /usr/bin/sed
configure:4051: checking for grep that handles long lines and -e
configure:4109: result: /usr/bin/grep
configure:4114: checking for egrep
configure:4176: result: /usr/bin/grep -E
configure:4181: checking for fgrep
configure:4243: result: /usr/bin/grep -F
configure:4278: checking for ld used by gcc
configure:4345: result: /usr/x86_64-pc-cygwin/bin/ld.exe
configure:4352: checking if the linker (/usr/x86_64-pc-cygwin/bin/ld.exe) is GNU ld
configure:4367: result: yes
configure:4384: checking how to run the C preprocessor
configure:4415: gcc -E  conftest.c
configure:4415: $? = 0
configure:4429: gcc -E  conftest.c
conftest.c:11:28: fatal error: ac_nonexistent.h: No such file or directory
 #include <ac_nonexistent.h>
                            ^
compilation terminated.
configure:4429: $? = 1
configure: failed program was:
| /* confdefs.h */
| #define PACKAGE_NAME "libpng"
| #define PACKAGE_TARNAME "libpng"
| #define PACKAGE_VERSION "1.4.1"
| #define PACKAGE_STRING "libpng 1.4.1"
| #define PACKAGE_BUGREPORT "png-mng-implement@lists.sourceforge.net"
| #define PACKAGE_URL ""
| #define PACKAGE "libpng"
| #define VERSION "1.4.1"
| /* end confdefs.h.  */
| #include <ac_nonexistent.h>
configure:4454: result: gcc -E
configure:4474: gcc -E  conftest.c
configure:4474: $? = 0
configure:4488: gcc -E  conftest.c
conftest.c:11:28: fatal error: ac_nonexistent.h: No such file or directory
 #include <ac_nonexistent.h>
                            ^
compilation terminated.
configure:4488: $? = 1
configure: failed program was:
| /* confdefs.h */
| #define PACKAGE_NAME "libpng"
| #define PACKAGE_TARNAME "libpng"
| #define PACKAGE_VERSION "1.4.1"
| #define PACKAGE_STRING "libpng 1.4.1"
| #define PACKAGE_BUGREPORT "png-mng-implement@lists.sourceforge.net"
| #define PACKAGE_URL ""
| #define PACKAGE "libpng"
| #define VERSION "1.4.1"
| /* end confdefs.h.  */
| #include <ac_nonexistent.h>
configure:4559: checking for sed
configure:4586: result: /usr/bin/sed
configure:4655: checking for as
configure:4671: found /usr/bin/as
configure:4682: result: as
configure:4747: checking for dlltool
configure:4763: found /usr/bin/dlltool
configure:4774: result: dlltool
configure:4839: checking for objdump
configure:4855: found /usr/bin/objdump
configure:4866: result: objdump
configure:4912: checking whether ln -s works
configure:4916: result: yes
configure:4923: checking whether make sets $(MAKE)
configure:4945: result: yes
configure:4979: checking for BSD- or MS-compatible name lister (nm)
configure:5028: result: /usr/bin/nm -B
configure:5146: checking the name lister (/usr/bin/nm -B) interface
configure:5153: gcc -c -g -O2  conftest.c >&5
configure:5156: /usr/bin/nm -B "conftest.o"
configure:5159: output
0000000000000000 b .bss
0000000000000000 d .data
0000000000000000 N .debug_abbrev
0000000000000000 N .debug_aranges
0000000000000000 N .debug_info
0000000000000000 N .debug_line
0000000000000000 r .rdata$zzz
0000000000000000 t .text
0000000000000000 B some_variable
configure:5166: result: BSD nm
configure:5170: checking the maximum length of command line arguments
configure:5290: result: 8192
configure:5307: checking whether the shell understands some XSI constructs
configure:5317: result: yes
configure:5321: checking whether the shell understands "+="
configure:5327: result: yes
configure:5362: checking for /usr/x86_64-pc-cygwin/bin/ld.exe option to reload object files
configure:5369: result: -r
configure:5438: checking for objdump
configure:5465: result: objdump
configure:5494: checking how to recognize dependent libraries
configure:5690: result: file_magic ^x86 archive import|^x86 DLL
configure:5750: checking for ar
configure:5766: found /usr/bin/ar
configure:5777: result: ar
configure:5855: checking for strip
configure:5871: found /usr/bin/strip
configure:5882: result: strip
configure:5954: checking for ranlib
configure:5970: found /usr/bin/ranlib
configure:5981: result: ranlib
configure:6071: checking command to parse /usr/bin/nm -B output from gcc object
configure:6189: gcc -c -g -O2  conftest.c >&5
configure:6192: $? = 0
configure:6196: /usr/bin/nm -B conftest.o \| sed -n -e 's/^.*[	 ]\([ABCDGIRSTW][ABCDGIRSTW]*\)[	 ][	 ]*\([_A-Za-z][_A-Za-z0-9]*\)$/\1 \2 \2/p' \> conftest.nm
configure:6199: $? = 0
configure:6253: gcc -o conftest.exe -g -O2   conftest.c conftstm.o >&5
configure:6256: $? = 0
configure:6294: result: ok
configure:7099: checking for ANSI C header files
configure:7119: gcc -c -g -O2  conftest.c >&5
configure:7119: $? = 0
configure:7192: gcc -o conftest.exe -g -O2   conftest.c  >&5
configure:7192: $? = 0
configure:7192: ./conftest.exe
configure:7192: $? = 0
configure:7203: result: yes
configure:7216: checking for sys/types.h
configure:7216: gcc -c -g -O2  conftest.c >&5
configure:7216: $? = 0
configure:7216: result: yes
configure:7216: checking for sys/stat.h
configure:7216: gcc -c -g -O2  conftest.c >&5
configure:7216: $? = 0
configure:7216: result: yes
configure:7216: checking for stdlib.h
configure:7216: gcc -c -g -O2  conftest.c >&5
configure:7216: $? = 0
configure:7216: result: yes
configure:7216: checking for string.h
configure:7216: gcc -c -g -O2  conftest.c >&5
configure:7216: $? = 0
configure:7216: result: yes
configure:7216: checking for memory.h
configure:7216: gcc -c -g -O2  conftest.c >&5
configure:7216: $? = 0
configure:7216: result: yes
configure:7216: checking for strings.h
configure:7216: gcc -c -g -O2  conftest.c >&5
configure:7216: $? = 0
configure:7216: result: yes
configure:7216: checking for inttypes.h
configure:7216: gcc -c -g -O2  conftest.c >&5
configure:7216: $? = 0
configure:7216: result: yes
configure:7216: checking for stdint.h
configure:7216: gcc -c -g -O2  conftest.c >&5
configure:7216: $? = 0
configure:7216: result: yes
configure:7216: checking for unistd.h
configure:7216: gcc -c -g -O2  conftest.c >&5
configure:7216: $? = 0
configure:7216: result: yes
configure:7231: checking for dlfcn.h
configure:7231: gcc -c -g -O2  conftest.c >&5
configure:7231: $? = 0
configure:7231: result: yes
configure:7413: checking for objdir
configure:7428: result: .libs
configure:7720: checking if gcc supports -fno-rtti -fno-exceptions
configure:7738: gcc -c -g -O2  -fno-rtti -fno-exceptions conftest.c >&5
cc1: warning: command line option '-fno-rtti' is valid for C++/ObjC++ but not for C [enabled by default]
configure:7742: $? = 0
configure:7755: result: no
configure:7775: checking for gcc option to produce PIC
configure:8047: result: -DDLL_EXPORT -DPIC
configure:8059: checking if gcc PIC flag -DDLL_EXPORT -DPIC works
configure:8077: gcc -c -g -O2  -DDLL_EXPORT -DPIC -DPIC conftest.c >&5
configure:8081: $? = 0
configure:8094: result: yes
configure:8118: checking if gcc static flag -static works
configure:8146: result: yes
configure:8161: checking if gcc supports -c -o file.o
configure:8182: gcc -c -g -O2  -o out/conftest2.o conftest.c >&5
configure:8186: $? = 0
configure:8208: result: yes
configure:8216: checking if gcc supports -c -o file.o
configure:8263: result: yes
configure:8296: checking whether the gcc linker (/usr/x86_64-pc-cygwin/bin/ld.exe) supports shared libraries
configure:9282: result: yes
configure:9319: checking whether -lc should be explicitly linked in
configure:9324: gcc -c -g -O2  conftest.c >&5
configure:9327: $? = 0
configure:9342: gcc -shared conftest.o  -v -o ./conftest -Wl,--enable-auto-image-base -Xlinker --out-implib -Xlinker conftest 2\>\&1 \| /usr/bin/grep  -lc  \>/dev/null 2\>\&1
configure:9345: $? = 1
configure:9357: result: yes
configure:9521: checking dynamic linker characteristics
configure:10172: result: Win32 ld.exe
configure:10274: checking how to hardcode library paths into programs
configure:10299: result: immediate
configure:10819: checking whether stripping libraries is possible
configure:10824: result: yes
configure:10859: checking if libtool supports shared libraries
configure:10861: result: yes
configure:10864: checking whether to build shared libraries
configure:10885: result: yes
configure:10888: checking whether to build static libraries
configure:10892: result: yes
configure:10929: checking for ANSI C header files
configure:11033: result: yes
configure:11044: checking malloc.h usability
configure:11044: gcc -c -g -O2  conftest.c >&5
configure:11044: $? = 0
configure:11044: result: yes
configure:11044: checking malloc.h presence
configure:11044: gcc -E  conftest.c
configure:11044: $? = 0
configure:11044: result: yes
configure:11044: checking for malloc.h
configure:11044: result: yes
configure:11044: checking for stdlib.h
configure:11044: result: yes
configure:11044: checking for string.h
configure:11044: result: yes
configure:11044: checking for strings.h
configure:11044: result: yes
configure:11057: checking for an ANSI C-conforming const
configure:11122: gcc -c -g -O2  conftest.c >&5
configure:11122: $? = 0
configure:11129: result: yes
configure:11137: checking for size_t
configure:11137: gcc -c -g -O2  conftest.c >&5
configure:11137: $? = 0
configure:11137: gcc -c -g -O2  conftest.c >&5
conftest.c: In function 'main':
conftest.c:64:21: error: expected expression before ')' token
 if (sizeof ((size_t)))
                     ^
configure:11137: $? = 1
configure: failed program was:
| /* confdefs.h */
| #define PACKAGE_NAME "libpng"
| #define PACKAGE_TARNAME "libpng"
| #define PACKAGE_VERSION "1.4.1"
| #define PACKAGE_STRING "libpng 1.4.1"
| #define PACKAGE_BUGREPORT "png-mng-implement@lists.sourceforge.net"
| #define PACKAGE_URL ""
| #define PACKAGE "libpng"
| #define VERSION "1.4.1"
| #define STDC_HEADERS 1
| #define HAVE_SYS_TYPES_H 1
| #define HAVE_SYS_STAT_H 1
| #define HAVE_STDLIB_H 1
| #define HAVE_STRING_H 1
| #define HAVE_MEMORY_H 1
| #define HAVE_STRINGS_H 1
| #define HAVE_INTTYPES_H 1
| #define HAVE_STDINT_H 1
| #define HAVE_UNISTD_H 1
| #define HAVE_DLFCN_H 1
| #define LT_OBJDIR ".libs/"
| #define STDC_HEADERS 1
| #define HAVE_MALLOC_H 1
| #define HAVE_STDLIB_H 1
| #define HAVE_STRING_H 1
| #define HAVE_STRINGS_H 1
| /* end confdefs.h.  */
| #include <stdio.h>
| #ifdef HAVE_SYS_TYPES_H
| # include <sys/types.h>
| #endif
| #ifdef HAVE_SYS_STAT_H
| # include <sys/stat.h>
| #endif
| #ifdef STDC_HEADERS
| # include <stdlib.h>
| # include <stddef.h>
| #else
| # ifdef HAVE_STDLIB_H
| #  include <stdlib.h>
| # endif
| #endif
| #ifdef HAVE_STRING_H
| # if !defined STDC_HEADERS && defined HAVE_MEMORY_H
| #  include <memory.h>
| # endif
| # include <string.h>
| #endif
| #ifdef HAVE_STRINGS_H
| # include <strings.h>
| #endif
| #ifdef HAVE_INTTYPES_H
| # include <inttypes.h>
| #endif
| #ifdef HAVE_STDINT_H
| # include <stdint.h>
| #endif
| #ifdef HAVE_UNISTD_H
| # include <unistd.h>
| #endif
| int
| main ()
| {
| if (sizeof ((size_t)))
| 	    return 0;
|   ;
|   return 0;
| }
configure:11137: result: yes
configure:11148: checking whether struct tm is in sys/time.h or time.h
configure:11168: gcc -c -g -O2  conftest.c >&5
configure:11168: $? = 0
configure:11175: result: time.h
configure:11185: checking for working strtod
configure:11226: gcc -o conftest.exe -g -O2   conftest.c  >&5
configure:11226: $? = 0
configure:11226: ./conftest.exe
configure:11226: $? = 0
configure:11236: result: yes
configure:11300: checking for memset
configure:11300: gcc -o conftest.exe -g -O2   conftest.c  >&5
conftest.c:51:6: warning: conflicting types for built-in function 'memset' [enabled by default]
 char memset ();
      ^
configure:11300: $? = 0
configure:11300: result: yes
configure:11313: checking for pow
configure:11313: gcc -o conftest.exe -g -O2   conftest.c  >&5
conftest.c:52:6: warning: conflicting types for built-in function 'pow' [enabled by default]
 char pow ();
      ^
configure:11313: $? = 0
configure:11313: result: yes
configure:11370: checking for zlibVersion in -lz
configure:11395: gcc -o conftest.exe -g -O2   conftest.c -lz   >&5
/usr/lib/gcc/x86_64-pc-cygwin/4.8.1/../../../../x86_64-pc-cygwin/bin/ld: cannot find -lz
collect2: error: ld returned 1 exit status
configure:11395: $? = 1
configure: failed program was:
| /* confdefs.h */
| #define PACKAGE_NAME "libpng"
| #define PACKAGE_TARNAME "libpng"
| #define PACKAGE_VERSION "1.4.1"
| #define PACKAGE_STRING "libpng 1.4.1"
| #define PACKAGE_BUGREPORT "png-mng-implement@lists.sourceforge.net"
| #define PACKAGE_URL ""
| #define PACKAGE "libpng"
| #define VERSION "1.4.1"
| #define STDC_HEADERS 1
| #define HAVE_SYS_TYPES_H 1
| #define HAVE_SYS_STAT_H 1
| #define HAVE_STDLIB_H 1
| #define HAVE_STRING_H 1
| #define HAVE_MEMORY_H 1
| #define HAVE_STRINGS_H 1
| #define HAVE_INTTYPES_H 1
| #define HAVE_STDINT_H 1
| #define HAVE_UNISTD_H 1
| #define HAVE_DLFCN_H 1
| #define LT_OBJDIR ".libs/"
| #define STDC_HEADERS 1
| #define HAVE_MALLOC_H 1
| #define HAVE_STDLIB_H 1
| #define HAVE_STRING_H 1
| #define HAVE_STRINGS_H 1
| #define HAVE_MEMSET 1
| #define HAVE_POW 1
| /* end confdefs.h.  */
| 
| /* Override any GCC internal prototype to avoid an error.
|    Use char because int might match the return type of a GCC
|    builtin and then its argument prototype would still apply.  */
| #ifdef __cplusplus
| extern "C"
| #endif
| char zlibVersion ();
| int
| main ()
| {
| return zlibVersion ();
|   ;
|   return 0;
| }
configure:11404: result: no
configure:11414: error: zlib not installed

## ---------------- ##
## Cache variables. ##
## ---------------- ##

ac_cv_build=x86_64-unknown-cygwin
ac_cv_c_compiler_gnu=yes
ac_cv_c_const=yes
ac_cv_env_CC_set=
ac_cv_env_CC_value=
ac_cv_env_CFLAGS_set=
ac_cv_env_CFLAGS_value=
ac_cv_env_CPPFLAGS_set=
ac_cv_env_CPPFLAGS_value=
ac_cv_env_CPP_set=
ac_cv_env_CPP_value=
ac_cv_env_LDFLAGS_set=
ac_cv_env_LDFLAGS_value=
ac_cv_env_LIBS_set=
ac_cv_env_LIBS_value=
ac_cv_env_build_alias_set=
ac_cv_env_build_alias_value=
ac_cv_env_host_alias_set=
ac_cv_env_host_alias_value=
ac_cv_env_target_alias_set=
ac_cv_env_target_alias_value=
ac_cv_exeext=.exe
ac_cv_func_memset=yes
ac_cv_func_pow=yes
ac_cv_func_strtod=yes
ac_cv_header_dlfcn_h=yes
ac_cv_header_inttypes_h=yes
ac_cv_header_malloc_h=yes
ac_cv_header_memory_h=yes
ac_cv_header_stdc=yes
ac_cv_header_stdint_h=yes
ac_cv_header_stdlib_h=yes
ac_cv_header_string_h=yes
ac_cv_header_strings_h=yes
ac_cv_header_sys_stat_h=yes
ac_cv_header_sys_types_h=yes
ac_cv_header_unistd_h=yes
ac_cv_host=x86_64-unknown-cygwin
ac_cv_lib_z_zlibVersion=no
ac_cv_objext=o
ac_cv_path_EGREP='/usr/bin/grep -E'
ac_cv_path_FGREP='/usr/bin/grep -F'
ac_cv_path_GREP=/usr/bin/grep
ac_cv_path_SED=/usr/bin/sed
ac_cv_path_install='/usr/bin/install -c'
ac_cv_path_mkdir=/usr/bin/mkdir
ac_cv_prog_AWK=gawk
ac_cv_prog_CPP='gcc -E'
ac_cv_prog_ac_ct_AR=ar
ac_cv_prog_ac_ct_AS=as
ac_cv_prog_ac_ct_CC=gcc
ac_cv_prog_ac_ct_DLLTOOL=dlltool
ac_cv_prog_ac_ct_OBJDUMP=objdump
ac_cv_prog_ac_ct_RANLIB=ranlib
ac_cv_prog_ac_ct_SED=/usr/bin/sed
ac_cv_prog_ac_ct_STRIP=strip
ac_cv_prog_cc_c89=
ac_cv_prog_cc_g=yes
ac_cv_prog_make_make_set=yes
ac_cv_struct_tm=time.h
ac_cv_type_size_t=yes
am_cv_CC_dependencies_compiler_type=gcc3
lt_cv_deplibs_check_method='file_magic ^x86 archive import|^x86 DLL'
lt_cv_file_magic_cmd=func_win32_libid
lt_cv_file_magic_test_file=
lt_cv_ld_reload_flag=-r
lt_cv_nm_interface='BSD nm'
lt_cv_objdir=.libs
lt_cv_path_LD=/usr/x86_64-pc-cygwin/bin/ld.exe
lt_cv_path_NM='/usr/bin/nm -B'
lt_cv_prog_compiler_c_o=yes
lt_cv_prog_compiler_pic_works=yes
lt_cv_prog_compiler_rtti_exceptions=no
lt_cv_prog_compiler_static_works=yes
lt_cv_prog_gnu_ld=yes
lt_cv_sys_global_symbol_pipe='sed -n -e '\''s/^.*[	 ]\([ABCDGIRSTW][ABCDGIRSTW]*\)[	 ][	 ]*\([_A-Za-z][_A-Za-z0-9]*\)$/\1 \2 \2/p'\'''
lt_cv_sys_global_symbol_to_c_name_address='sed -n -e '\''s/^: \([^ ]*\) $/  {\"\1\", (void *) 0},/p'\'' -e '\''s/^[ABCDGIRSTW]* \([^ ]*\) \([^ ]*\)$/  {"\2", (void *) \&\2},/p'\'''
lt_cv_sys_global_symbol_to_c_name_address_lib_prefix='sed -n -e '\''s/^: \([^ ]*\) $/  {\"\1\", (void *) 0},/p'\'' -e '\''s/^[ABCDGIRSTW]* \([^ ]*\) \(lib[^ ]*\)$/  {"\2", (void *) \&\2},/p'\'' -e '\''s/^[ABCDGIRSTW]* \([^ ]*\) \([^ ]*\)$/  {"lib\2", (void *) \&\2},/p'\'''
lt_cv_sys_global_symbol_to_cdecl='sed -n -e '\''s/^T .* \(.*\)$/extern int \1();/p'\'' -e '\''s/^[ABCDGIRSTW]* .* \(.*\)$/extern char \1;/p'\'''
lt_cv_sys_max_cmd_len=8192

## ----------------- ##
## Output variables. ##
## ----------------- ##

ACLOCAL='${SHELL} /home/cosmiczilch/sandbox/Vajra/VajraFramework/VajraFramework/Tools/Windows/libpng-1.4.1/missing --run aclocal-1.11'
AMDEPBACKSLASH='\'
AMDEP_FALSE='#'
AMDEP_TRUE=''
AMTAR='${SHELL} /home/cosmiczilch/sandbox/Vajra/VajraFramework/VajraFramework/Tools/Windows/libpng-1.4.1/missing --run tar'
AR='ar'
AS='as'
AUTOCONF='${SHELL} /home/cosmiczilch/sandbox/Vajra/VajraFramework/VajraFramework/Tools/Windows/libpng-1.4.1/missing --run autoconf'
AUTOHEADER='${SHELL} /home/cosmiczilch/sandbox/Vajra/VajraFramework/VajraFramework/Tools/Windows/libpng-1.4.1/missing --run autoheader'
AUTOMAKE='${SHELL} /home/cosmiczilch/sandbox/Vajra/VajraFramework/VajraFramework/Tools/Windows/libpng-1.4.1/missing --run automake-1.11'
AWK='gawk'
CC='gcc'
CCDEPMODE='depmode=gcc3'
CFLAGS='-g -O2'
CPP='gcc -E'
CPPFLAGS=''
CYGPATH_W='cygpath -w'
DEFS=''
DEPDIR='.deps'
DLLTOOL='dlltool'
DSYMUTIL=''
DUMPBIN=''
ECHO_C=''
ECHO_N='-n'
ECHO_T=''
EGREP='/usr/bin/grep -E'
EXEEXT='.exe'
FGREP='/usr/bin/grep -F'
GREP='/usr/bin/grep'
HAVE_LD_VERSION_SCRIPT_FALSE=''
HAVE_LD_VERSION_SCRIPT_TRUE=''
INSTALL_DATA='${INSTALL} -m 644'
INSTALL_PROGRAM='${INSTALL}'
INSTALL_SCRIPT='${INSTALL}'
INSTALL_STRIP_PROGRAM='$(install_sh) -c -s'
LD='/usr/x86_64-pc-cygwin/bin/ld.exe'
LDFLAGS=''
LIBOBJS=''
LIBPNG_DEFINES=''
LIBS=''
LIBTOOL='$(SHELL) $(top_builddir)/libtool'
LIPO=''
LN_S='ln -s'
LTLIBOBJS=''
MAINT='#'
MAINTAINER_MODE_FALSE=''
MAINTAINER_MODE_TRUE='#'
MAKEINFO='${SHELL} /home/cosmiczilch/sandbox/Vajra/VajraFramework/VajraFramework/Tools/Windows/libpng-1.4.1/missing --run makeinfo'
MKDIR_P='/usr/bin/mkdir -p'
NM='/usr/bin/nm -B'
NMEDIT=''
OBJDUMP='objdump'
OBJEXT='o'
OTOOL64=''
OTOOL=''
PACKAGE='libpng'
PACKAGE_BUGREPORT='png-mng-implement@lists.sourceforge.net'
PACKAGE_NAME='libpng'
PACKAGE_STRING='libpng 1.4.1'
PACKAGE_TARNAME='libpng'
PACKAGE_URL=''
PACKAGE_VERSION='1.4.1'
PATH_SEPARATOR=':'
PNGLIB_MAJOR='1'
PNGLIB_MINOR='4'
PNGLIB_RELEASE='1'
PNGLIB_VERSION='1.4.1'
POW_LIB=''
RANLIB='ranlib'
SED='/usr/bin/sed'
SET_MAKE=''
SHELL='/bin/sh'
STRIP='strip'
SYMBOL_PREFIX=''
VERSION='1.4.1'
ac_ct_CC='gcc'
ac_ct_DUMPBIN=''
am__EXEEXT_FALSE=''
am__EXEEXT_TRUE=''
am__fastdepCC_FALSE='#'
am__fastdepCC_TRUE=''
am__include='include'
am__isrc=''
am__leading_dot='.'
am__quote=''
am__tar='${AMTAR} chof - "$$tardir"'
am__untar='${AMTAR} xf -'
binconfigs=''
bindir='${exec_prefix}/bin'
build='x86_64-unknown-cygwin'
build_alias=''
build_cpu='x86_64'
build_os='cygwin'
build_vendor='unknown'
datadir='${datarootdir}'
datarootdir='${prefix}/share'
docdir='${datarootdir}/doc/${PACKAGE_TARNAME}'
dvidir='${docdir}'
exec_prefix='NONE'
host='x86_64-unknown-cygwin'
host_alias=''
host_cpu='x86_64'
host_os='cygwin'
host_vendor='unknown'
htmldir='${docdir}'
includedir='${prefix}/include'
infodir='${datarootdir}/info'
install_sh='${SHELL} /home/cosmiczilch/sandbox/Vajra/VajraFramework/VajraFramework/Tools/Windows/libpng-1.4.1/install-sh'
libdir='${exec_prefix}/lib'
libexecdir='${exec_prefix}/libexec'
localedir='${datarootdir}/locale'
localstatedir='${prefix}/var'
lt_ECHO='echo'
mandir='${datarootdir}/man'
mkdir_p='/usr/bin/mkdir -p'
oldincludedir='/usr/include'
pdfdir='${docdir}'
pkgconfigdir=''
prefix='NONE'
program_transform_name='s,x,x,'
psdir='${docdir}'
sbindir='${exec_prefix}/sbin'
sharedstatedir='${prefix}/com'
sysconfdir='${prefix}/etc'
target_alias=''

## ----------- ##
## confdefs.h. ##
## ----------- ##

/* confdefs.h */
#define PACKAGE_NAME "libpng"
#define PACKAGE_TARNAME "libpng"
#define PACKAGE_VERSION "1.4.1"
#define PACKAGE_STRING "libpng 1.4.1"
#define PACKAGE_BUGREPORT "png-mng-implement@lists.sourceforge.net"
#define PACKAGE_URL ""
#define PACKAGE "libpng"
#define VERSION "1.4.1"
#define STDC_HEADERS 1
#define HAVE_SYS_TYPES_H 1
#define HAVE_SYS_STAT_H 1
#define HAVE_STDLIB_H 1
#define HAVE_STRING_H 1
#define HAVE_MEMORY_H 1
#define HAVE_STRINGS_H 1
#define HAVE_INTTYPES_H 1
#define HAVE_STDINT_H 1
#define HAVE_UNISTD_H 1
#define HAVE_DLFCN_H 1
#define LT_OBJDIR ".libs/"
#define STDC_HEADERS 1
#define HAVE_MALLOC_H 1
#define HAVE_STDLIB_H 1
#define HAVE_STRING_H 1
#define HAVE_STRINGS_H 1
#define HAVE_MEMSET 1
#define HAVE_POW 1

configure: exit 1
